<?xml version="1.0" encoding="UTF-8" ?>
<testsuite tests="11" failures="0" name="BUS.ChiTietSanPhamBUSTest" time="2.241" errors="0" skipped="0">
  <properties>
[...]
</properties>
  <testcase classname="BUS.ChiTietSanPhamBUSTest" name="testFilterPBvaTT" time="2.192"/>
  <testcase classname="BUS.ChiTietSanPhamBUSTest" name="testShow" time="0"/>
  <testcase classname="BUS.ChiTietSanPhamBUSTest" name="testUpdateXuat_ShouldCallDAO" time="0.001"/>
  <testcase classname="BUS.ChiTietSanPhamBUSTest" name="testFilterPBvaAll" time="0.016"/>
  <testcase classname="BUS.ChiTietSanPhamBUSTest" name="testGetAllByMaPBSP" time="0.005"/>
  <testcase classname="BUS.ChiTietSanPhamBUSTest" name="testGetChiTietSanPhamFromMaPN" time="0.005"/>
  <testcase classname="BUS.ChiTietSanPhamBUSTest" name="testGetChiTietSanPhamFromMaPX" time="0.004"/>
  <testcase classname="BUS.ChiTietSanPhamBUSTest" name="testGetByIndex" time="0.001"/>
  <testcase classname="BUS.ChiTietSanPhamBUSTest" name="testGetByIndex_OutOfBounds" time="0.002"/>
  <testcase classname="BUS.ChiTietSanPhamBUSTest" name="testGetAll" time="0"/>
  <testcase classname="BUS.ChiTietSanPhamBUSTest" name="testGetAllCTSPbyMasp" time="0.015"/>
</testsuite>